{"/home/choirul/Documents/Session-mini/movie-review/index.js": {"path":"/home/choirul/Documents/Session-mini/movie-review/index.js","statementMap":{"0":{"start":{"line":1,"column":16},"end":{"line":1,"column":34}},"1":{"start":{"line":2,"column":13},"end":{"line":2,"column":28}},"2":{"start":{"line":3,"column":12},"end":{"line":3,"column":21}},"3":{"start":{"line":4,"column":16},"end":{"line":4,"column":45}},"4":{"start":{"line":5,"column":22},"end":{"line":5,"column":47}},"5":{"start":{"line":6,"column":40},"end":{"line":6,"column":69}},"6":{"start":{"line":8,"column":17},"end":{"line":8,"column":36}},"7":{"start":{"line":9,"column":13},"end":{"line":9,"column":30}},"8":{"start":{"line":10,"column":15},"end":{"line":10,"column":32}},"9":{"start":{"line":11,"column":0},"end":{"line":11,"column":16}},"10":{"start":{"line":12,"column":0},"end":{"line":12,"column":39}},"11":{"start":{"line":14,"column":12},"end":{"line":14,"column":32}},"12":{"start":{"line":15,"column":27},"end":{"line":20,"column":1}},"13":{"start":{"line":22,"column":0},"end":{"line":22,"column":37}},"14":{"start":{"line":23,"column":0},"end":{"line":23,"column":24}},"15":{"start":{"line":26,"column":0},"end":{"line":33,"column":34}},"16":{"start":{"line":32,"column":14},"end":{"line":32,"column":48}},"17":{"start":{"line":33,"column":16},"end":{"line":33,"column":32}},"18":{"start":{"line":35,"column":0},"end":{"line":35,"column":16}},"19":{"start":{"line":36,"column":0},"end":{"line":36,"column":24}},"20":{"start":{"line":37,"column":0},"end":{"line":37,"column":34}},"21":{"start":{"line":38,"column":15},"end":{"line":38,"column":37}},"22":{"start":{"line":39,"column":0},"end":{"line":39,"column":27}},"23":{"start":{"line":40,"column":0},"end":{"line":40,"column":70}},"24":{"start":{"line":42,"column":0},"end":{"line":42,"column":18}},"25":{"start":{"line":43,"column":0},"end":{"line":43,"column":29}},"26":{"start":{"line":45,"column":0},"end":{"line":45,"column":21}}},"fnMap":{"0":{"name":"(anonymous_0)","decl":{"start":{"line":32,"column":8},"end":{"line":32,"column":9}},"loc":{"start":{"line":32,"column":14},"end":{"line":32,"column":48}},"line":32},"1":{"name":"(anonymous_1)","decl":{"start":{"line":33,"column":9},"end":{"line":33,"column":10}},"loc":{"start":{"line":33,"column":16},"end":{"line":33,"column":32}},"line":33}},"branchMap":{},"s":{"0":4,"1":4,"2":4,"3":4,"4":4,"5":4,"6":4,"7":4,"8":4,"9":4,"10":4,"11":4,"12":4,"13":4,"14":4,"15":4,"16":4,"17":0,"18":4,"19":4,"20":4,"21":4,"22":4,"23":4,"24":4,"25":4,"26":4},"f":{"0":4,"1":0},"b":{},"_coverageSchema":"1a1c01bbd47fc00a2c39e90264f33305004495a9","hash":"9eb7b7fb8b2ea453e2704741fe5035ffb07063ad"}
,"/home/choirul/Documents/Session-mini/movie-review/router.js": {"path":"/home/choirul/Documents/Session-mini/movie-review/router.js","statementMap":{"0":{"start":{"line":1,"column":16},"end":{"line":1,"column":34}},"1":{"start":{"line":2,"column":15},"end":{"line":2,"column":31}},"2":{"start":{"line":3,"column":13},"end":{"line":3,"column":55}},"3":{"start":{"line":4,"column":21},"end":{"line":4,"column":53}},"4":{"start":{"line":5,"column":17},"end":{"line":5,"column":51}},"5":{"start":{"line":6,"column":14},"end":{"line":6,"column":57}},"6":{"start":{"line":7,"column":15},"end":{"line":7,"column":59}},"7":{"start":{"line":9,"column":0},"end":{"line":9,"column":36}},"8":{"start":{"line":10,"column":0},"end":{"line":10,"column":32}},"9":{"start":{"line":11,"column":0},"end":{"line":11,"column":47}},"10":{"start":{"line":12,"column":0},"end":{"line":12,"column":54}},"11":{"start":{"line":13,"column":0},"end":{"line":13,"column":74}},"12":{"start":{"line":15,"column":0},"end":{"line":15,"column":52}},"13":{"start":{"line":16,"column":0},"end":{"line":16,"column":38}},"14":{"start":{"line":17,"column":0},"end":{"line":17,"column":66}},"15":{"start":{"line":18,"column":0},"end":{"line":18,"column":69}},"16":{"start":{"line":19,"column":0},"end":{"line":19,"column":81}},"17":{"start":{"line":20,"column":0},"end":{"line":20,"column":52}},"18":{"start":{"line":21,"column":0},"end":{"line":21,"column":65}},"19":{"start":{"line":24,"column":0},"end":{"line":24,"column":57}},"20":{"start":{"line":25,"column":0},"end":{"line":25,"column":35}},"21":{"start":{"line":26,"column":0},"end":{"line":26,"column":56}},"22":{"start":{"line":27,"column":0},"end":{"line":27,"column":57}},"23":{"start":{"line":28,"column":0},"end":{"line":28,"column":61}},"24":{"start":{"line":29,"column":0},"end":{"line":29,"column":23}}},"fnMap":{},"branchMap":{},"s":{"0":4,"1":4,"2":4,"3":4,"4":4,"5":4,"6":4,"7":4,"8":4,"9":4,"10":4,"11":4,"12":4,"13":4,"14":4,"15":4,"16":4,"17":4,"18":4,"19":4,"20":4,"21":4,"22":4,"23":4,"24":4},"f":{},"b":{},"_coverageSchema":"1a1c01bbd47fc00a2c39e90264f33305004495a9","hash":"c8e80e4ff5309dc948f8beffa4709aa6a6aa0060"}
,"/home/choirul/Documents/Session-mini/movie-review/__test__/fixtures/userFixture.js": {"path":"/home/choirul/Documents/Session-mini/movie-review/__test__/fixtures/userFixture.js","statementMap":{"0":{"start":{"line":1,"column":14},"end":{"line":1,"column":30}},"1":{"start":{"line":4,"column":2},"end":{"line":10,"column":4}},"2":{"start":{"line":13,"column":0},"end":{"line":15,"column":1}}},"fnMap":{"0":{"name":"create","decl":{"start":{"line":3,"column":9},"end":{"line":3,"column":15}},"loc":{"start":{"line":3,"column":18},"end":{"line":11,"column":1}},"line":3}},"branchMap":{},"s":{"0":3,"1":3,"2":3},"f":{"0":3},"b":{},"_coverageSchema":"1a1c01bbd47fc00a2c39e90264f33305004495a9","hash":"36e0163b89eca2375658835475b112f9617e587d"}
,"/home/choirul/Documents/Session-mini/movie-review/controllers/movieController.js": {"path":"/home/choirul/Documents/Session-mini/movie-review/controllers/movieController.js","statementMap":{"0":{"start":{"line":1,"column":14},"end":{"line":1,"column":43}},"1":{"start":{"line":2,"column":13},"end":{"line":2,"column":41}},"2":{"start":{"line":3,"column":27},"end":{"line":3,"column":60}},"3":{"start":{"line":4,"column":17},"end":{"line":4,"column":36}},"4":{"start":{"line":5,"column":17},"end":{"line":9,"column":2}},"5":{"start":{"line":11,"column":15},"end":{"line":33,"column":1}},"6":{"start":{"line":12,"column":16},"end":{"line":22,"column":6}},"7":{"start":{"line":23,"column":4},"end":{"line":32,"column":54}},"8":{"start":{"line":24,"column":8},"end":{"line":31,"column":14}},"9":{"start":{"line":27,"column":16},"end":{"line":27,"column":40}},"10":{"start":{"line":30,"column":16},"end":{"line":30,"column":36}},"11":{"start":{"line":32,"column":13},"end":{"line":32,"column":52}},"12":{"start":{"line":35,"column":20},"end":{"line":45,"column":1}},"13":{"start":{"line":36,"column":15},"end":{"line":36,"column":48}},"14":{"start":{"line":37,"column":16},"end":{"line":37,"column":51}},"15":{"start":{"line":38,"column":4},"end":{"line":44,"column":10}},"16":{"start":{"line":40,"column":12},"end":{"line":40,"column":35}},"17":{"start":{"line":43,"column":12},"end":{"line":43,"column":34}},"18":{"start":{"line":47,"column":16},"end":{"line":80,"column":1}},"19":{"start":{"line":48,"column":15},"end":{"line":48,"column":48}},"20":{"start":{"line":49,"column":16},"end":{"line":49,"column":51}},"21":{"start":{"line":50,"column":19},"end":{"line":50,"column":37}},"22":{"start":{"line":51,"column":16},"end":{"line":51,"column":31}},"23":{"start":{"line":52,"column":4},"end":{"line":79,"column":5}},"24":{"start":{"line":53,"column":8},"end":{"line":72,"column":9}},"25":{"start":{"line":54,"column":12},"end":{"line":58,"column":18}},"26":{"start":{"line":57,"column":20},"end":{"line":57,"column":43}},"27":{"start":{"line":60,"column":13},"end":{"line":72,"column":9}},"28":{"start":{"line":61,"column":12},"end":{"line":65,"column":18}},"29":{"start":{"line":64,"column":20},"end":{"line":64,"column":43}},"30":{"start":{"line":68,"column":12},"end":{"line":71,"column":18}},"31":{"start":{"line":70,"column":20},"end":{"line":70,"column":43}},"32":{"start":{"line":75,"column":8},"end":{"line":78,"column":14}},"33":{"start":{"line":77,"column":16},"end":{"line":77,"column":39}},"34":{"start":{"line":82,"column":20},"end":{"line":100,"column":1}},"35":{"start":{"line":83,"column":4},"end":{"line":99,"column":11}},"36":{"start":{"line":89,"column":12},"end":{"line":92,"column":41}},"37":{"start":{"line":95,"column":12},"end":{"line":95,"column":36}},"38":{"start":{"line":98,"column":12},"end":{"line":98,"column":33}},"39":{"start":{"line":102,"column":18},"end":{"line":111,"column":1}},"40":{"start":{"line":103,"column":8},"end":{"line":109,"column":14}},"41":{"start":{"line":105,"column":16},"end":{"line":105,"column":60}},"42":{"start":{"line":108,"column":16},"end":{"line":108,"column":36}},"43":{"start":{"line":112,"column":18},"end":{"line":120,"column":5}},"44":{"start":{"line":113,"column":8},"end":{"line":119,"column":14}},"45":{"start":{"line":115,"column":16},"end":{"line":115,"column":84}},"46":{"start":{"line":118,"column":16},"end":{"line":118,"column":36}},"47":{"start":{"line":123,"column":4},"end":{"line":141,"column":5}},"48":{"start":{"line":124,"column":20},"end":{"line":124,"column":82}},"49":{"start":{"line":125,"column":19},"end":{"line":128,"column":10}},"50":{"start":{"line":130,"column":8},"end":{"line":132,"column":9}},"51":{"start":{"line":131,"column":12},"end":{"line":131,"column":79}},"52":{"start":{"line":134,"column":8},"end":{"line":134,"column":40}},"53":{"start":{"line":135,"column":8},"end":{"line":135,"column":25}},"54":{"start":{"line":137,"column":8},"end":{"line":137,"column":31}},"55":{"start":{"line":140,"column":8},"end":{"line":140,"column":28}},"56":{"start":{"line":145,"column":0},"end":{"line":153,"column":1}}},"fnMap":{"0":{"name":"(anonymous_0)","decl":{"start":{"line":11,"column":15},"end":{"line":11,"column":16}},"loc":{"start":{"line":11,"column":29},"end":{"line":33,"column":1}},"line":11},"1":{"name":"(anonymous_1)","decl":{"start":{"line":26,"column":18},"end":{"line":26,"column":19}},"loc":{"start":{"line":26,"column":24},"end":{"line":28,"column":13}},"line":26},"2":{"name":"(anonymous_2)","decl":{"start":{"line":29,"column":19},"end":{"line":29,"column":20}},"loc":{"start":{"line":29,"column":26},"end":{"line":31,"column":13}},"line":29},"3":{"name":"(anonymous_3)","decl":{"start":{"line":35,"column":20},"end":{"line":35,"column":21}},"loc":{"start":{"line":35,"column":34},"end":{"line":45,"column":1}},"line":35},"4":{"name":"(anonymous_4)","decl":{"start":{"line":39,"column":14},"end":{"line":39,"column":15}},"loc":{"start":{"line":39,"column":24},"end":{"line":41,"column":9}},"line":39},"5":{"name":"(anonymous_5)","decl":{"start":{"line":42,"column":15},"end":{"line":42,"column":16}},"loc":{"start":{"line":42,"column":24},"end":{"line":44,"column":9}},"line":42},"6":{"name":"(anonymous_6)","decl":{"start":{"line":47,"column":16},"end":{"line":47,"column":17}},"loc":{"start":{"line":47,"column":30},"end":{"line":80,"column":1}},"line":47},"7":{"name":"(anonymous_7)","decl":{"start":{"line":56,"column":22},"end":{"line":56,"column":23}},"loc":{"start":{"line":56,"column":30},"end":{"line":58,"column":17}},"line":56},"8":{"name":"(anonymous_8)","decl":{"start":{"line":63,"column":22},"end":{"line":63,"column":23}},"loc":{"start":{"line":63,"column":30},"end":{"line":65,"column":17}},"line":63},"9":{"name":"(anonymous_9)","decl":{"start":{"line":69,"column":22},"end":{"line":69,"column":23}},"loc":{"start":{"line":69,"column":30},"end":{"line":71,"column":17}},"line":69},"10":{"name":"(anonymous_10)","decl":{"start":{"line":76,"column":18},"end":{"line":76,"column":19}},"loc":{"start":{"line":76,"column":26},"end":{"line":78,"column":13}},"line":76},"11":{"name":"(anonymous_11)","decl":{"start":{"line":82,"column":20},"end":{"line":82,"column":21}},"loc":{"start":{"line":82,"column":34},"end":{"line":100,"column":1}},"line":82},"12":{"name":"(anonymous_12)","decl":{"start":{"line":88,"column":14},"end":{"line":88,"column":15}},"loc":{"start":{"line":88,"column":22},"end":{"line":93,"column":9}},"line":88},"13":{"name":"(anonymous_13)","decl":{"start":{"line":94,"column":14},"end":{"line":94,"column":15}},"loc":{"start":{"line":94,"column":22},"end":{"line":96,"column":9}},"line":94},"14":{"name":"(anonymous_14)","decl":{"start":{"line":97,"column":15},"end":{"line":97,"column":16}},"loc":{"start":{"line":97,"column":22},"end":{"line":99,"column":9}},"line":97},"15":{"name":"(anonymous_15)","decl":{"start":{"line":102,"column":18},"end":{"line":102,"column":19}},"loc":{"start":{"line":102,"column":32},"end":{"line":111,"column":1}},"line":102},"16":{"name":"(anonymous_16)","decl":{"start":{"line":104,"column":18},"end":{"line":104,"column":19}},"loc":{"start":{"line":104,"column":26},"end":{"line":106,"column":13}},"line":104},"17":{"name":"(anonymous_17)","decl":{"start":{"line":107,"column":19},"end":{"line":107,"column":20}},"loc":{"start":{"line":107,"column":26},"end":{"line":109,"column":13}},"line":107},"18":{"name":"(anonymous_18)","decl":{"start":{"line":112,"column":18},"end":{"line":112,"column":19}},"loc":{"start":{"line":112,"column":32},"end":{"line":120,"column":5}},"line":112},"19":{"name":"(anonymous_19)","decl":{"start":{"line":114,"column":18},"end":{"line":114,"column":19}},"loc":{"start":{"line":114,"column":26},"end":{"line":116,"column":13}},"line":114},"20":{"name":"(anonymous_20)","decl":{"start":{"line":117,"column":19},"end":{"line":117,"column":20}},"loc":{"start":{"line":117,"column":26},"end":{"line":119,"column":13}},"line":117},"21":{"name":"favorite","decl":{"start":{"line":122,"column":15},"end":{"line":122,"column":23}},"loc":{"start":{"line":122,"column":34},"end":{"line":142,"column":1}},"line":122}},"branchMap":{"0":{"loc":{"start":{"line":23,"column":4},"end":{"line":32,"column":54}},"type":"if","locations":[{"start":{"line":23,"column":4},"end":{"line":32,"column":54}},{"start":{"line":23,"column":4},"end":{"line":32,"column":54}}],"line":23},"1":{"loc":{"start":{"line":36,"column":24},"end":{"line":36,"column":43}},"type":"binary-expr","locations":[{"start":{"line":36,"column":24},"end":{"line":36,"column":38}},{"start":{"line":36,"column":42},"end":{"line":36,"column":43}}],"line":36},"2":{"loc":{"start":{"line":37,"column":25},"end":{"line":37,"column":46}},"type":"binary-expr","locations":[{"start":{"line":37,"column":25},"end":{"line":37,"column":40}},{"start":{"line":37,"column":44},"end":{"line":37,"column":46}}],"line":37},"3":{"loc":{"start":{"line":48,"column":24},"end":{"line":48,"column":43}},"type":"binary-expr","locations":[{"start":{"line":48,"column":24},"end":{"line":48,"column":38}},{"start":{"line":48,"column":42},"end":{"line":48,"column":43}}],"line":48},"4":{"loc":{"start":{"line":49,"column":25},"end":{"line":49,"column":46}},"type":"binary-expr","locations":[{"start":{"line":49,"column":25},"end":{"line":49,"column":40}},{"start":{"line":49,"column":44},"end":{"line":49,"column":46}}],"line":49},"5":{"loc":{"start":{"line":52,"column":4},"end":{"line":79,"column":5}},"type":"if","locations":[{"start":{"line":52,"column":4},"end":{"line":79,"column":5}},{"start":{"line":52,"column":4},"end":{"line":79,"column":5}}],"line":52},"6":{"loc":{"start":{"line":52,"column":8},"end":{"line":52,"column":25}},"type":"binary-expr","locations":[{"start":{"line":52,"column":8},"end":{"line":52,"column":16}},{"start":{"line":52,"column":20},"end":{"line":52,"column":25}}],"line":52},"7":{"loc":{"start":{"line":53,"column":8},"end":{"line":72,"column":9}},"type":"if","locations":[{"start":{"line":53,"column":8},"end":{"line":72,"column":9}},{"start":{"line":53,"column":8},"end":{"line":72,"column":9}}],"line":53},"8":{"loc":{"start":{"line":60,"column":13},"end":{"line":72,"column":9}},"type":"if","locations":[{"start":{"line":60,"column":13},"end":{"line":72,"column":9}},{"start":{"line":60,"column":13},"end":{"line":72,"column":9}}],"line":60},"9":{"loc":{"start":{"line":130,"column":8},"end":{"line":132,"column":9}},"type":"if","locations":[{"start":{"line":130,"column":8},"end":{"line":132,"column":9}},{"start":{"line":130,"column":8},"end":{"line":132,"column":9}}],"line":130}},"s":{"0":4,"1":4,"2":4,"3":4,"4":4,"5":4,"6":3,"7":3,"8":3,"9":2,"10":1,"11":0,"12":4,"13":2,"14":2,"15":2,"16":1,"17":1,"18":4,"19":4,"20":4,"21":4,"22":4,"23":4,"24":1,"25":0,"26":0,"27":1,"28":1,"29":1,"30":0,"31":0,"32":3,"33":3,"34":4,"35":1,"36":1,"37":1,"38":0,"39":4,"40":2,"41":1,"42":1,"43":4,"44":2,"45":1,"46":1,"47":1,"48":1,"49":1,"50":1,"51":0,"52":1,"53":0,"54":0,"55":1,"56":4},"f":{"0":3,"1":2,"2":1,"3":2,"4":1,"5":1,"6":4,"7":0,"8":1,"9":0,"10":3,"11":1,"12":1,"13":1,"14":0,"15":2,"16":1,"17":1,"18":2,"19":1,"20":1,"21":1},"b":{"0":[3,0],"1":[2,2],"2":[2,2],"3":[4,4],"4":[4,4],"5":[1,3],"6":[4,3],"7":[0,1],"8":[1,0],"9":[0,1]},"_coverageSchema":"1a1c01bbd47fc00a2c39e90264f33305004495a9","hash":"762afcca1d7722611e6d42d6ddb552ef5c336dec"}
,"/home/choirul/Documents/Session-mini/movie-review/controllers/reviewController.js": {"path":"/home/choirul/Documents/Session-mini/movie-review/controllers/reviewController.js","statementMap":{"0":{"start":{"line":1,"column":13},"end":{"line":1,"column":41}},"1":{"start":{"line":2,"column":15},"end":{"line":2,"column":45}},"2":{"start":{"line":3,"column":27},"end":{"line":3,"column":60}},"3":{"start":{"line":4,"column":14},"end":{"line":4,"column":43}},"4":{"start":{"line":7,"column":4},"end":{"line":37,"column":5}},"5":{"start":{"line":8,"column":20},"end":{"line":8,"column":64}},"6":{"start":{"line":9,"column":21},"end":{"line":14,"column":10}},"7":{"start":{"line":15,"column":8},"end":{"line":17,"column":9}},"8":{"start":{"line":16,"column":12},"end":{"line":16,"column":70}},"9":{"start":{"line":18,"column":8},"end":{"line":20,"column":9}},"10":{"start":{"line":19,"column":12},"end":{"line":19,"column":69}},"11":{"start":{"line":21,"column":8},"end":{"line":21,"column":46}},"12":{"start":{"line":22,"column":8},"end":{"line":22,"column":64}},"13":{"start":{"line":23,"column":8},"end":{"line":23,"column":49}},"14":{"start":{"line":24,"column":8},"end":{"line":24,"column":41}},"15":{"start":{"line":25,"column":8},"end":{"line":30,"column":9}},"16":{"start":{"line":25,"column":21},"end":{"line":25,"column":22}},"17":{"start":{"line":26,"column":12},"end":{"line":26,"column":54}},"18":{"start":{"line":27,"column":12},"end":{"line":29,"column":13}},"19":{"start":{"line":28,"column":16},"end":{"line":28,"column":62}},"20":{"start":{"line":31,"column":8},"end":{"line":31,"column":26}},"21":{"start":{"line":32,"column":8},"end":{"line":32,"column":27}},"22":{"start":{"line":33,"column":8},"end":{"line":33,"column":33}},"23":{"start":{"line":36,"column":8},"end":{"line":36,"column":28}},"24":{"start":{"line":40,"column":13},"end":{"line":94,"column":1}},"25":{"start":{"line":41,"column":15},"end":{"line":41,"column":48}},"26":{"start":{"line":42,"column":16},"end":{"line":42,"column":51}},"27":{"start":{"line":43,"column":19},"end":{"line":43,"column":37}},"28":{"start":{"line":44,"column":16},"end":{"line":44,"column":31}},"29":{"start":{"line":45,"column":14},"end":{"line":45,"column":27}},"30":{"start":{"line":46,"column":4},"end":{"line":93,"column":5}},"31":{"start":{"line":47,"column":8},"end":{"line":73,"column":9}},"32":{"start":{"line":48,"column":12},"end":{"line":55,"column":18}},"33":{"start":{"line":54,"column":20},"end":{"line":54,"column":43}},"34":{"start":{"line":57,"column":13},"end":{"line":73,"column":9}},"35":{"start":{"line":58,"column":12},"end":{"line":62,"column":18}},"36":{"start":{"line":61,"column":20},"end":{"line":61,"column":43}},"37":{"start":{"line":65,"column":12},"end":{"line":72,"column":18}},"38":{"start":{"line":71,"column":20},"end":{"line":71,"column":43}},"39":{"start":{"line":75,"column":9},"end":{"line":93,"column":5}},"40":{"start":{"line":76,"column":8},"end":{"line":83,"column":14}},"41":{"start":{"line":82,"column":16},"end":{"line":82,"column":39}},"42":{"start":{"line":86,"column":8},"end":{"line":92,"column":14}},"43":{"start":{"line":91,"column":16},"end":{"line":91,"column":39}},"44":{"start":{"line":97,"column":4},"end":{"line":119,"column":5}},"45":{"start":{"line":98,"column":21},"end":{"line":98,"column":66}},"46":{"start":{"line":99,"column":20},"end":{"line":99,"column":64}},"47":{"start":{"line":100,"column":8},"end":{"line":102,"column":9}},"48":{"start":{"line":101,"column":12},"end":{"line":101,"column":79}},"49":{"start":{"line":103,"column":8},"end":{"line":111,"column":9}},"50":{"start":{"line":104,"column":20},"end":{"line":104,"column":70}},"51":{"start":{"line":105,"column":27},"end":{"line":105,"column":28}},"52":{"start":{"line":106,"column":12},"end":{"line":106,"column":45}},"53":{"start":{"line":107,"column":12},"end":{"line":107,"column":62}},"54":{"start":{"line":107,"column":43},"end":{"line":107,"column":59}},"55":{"start":{"line":108,"column":12},"end":{"line":108,"column":65}},"56":{"start":{"line":109,"column":12},"end":{"line":109,"column":40}},"57":{"start":{"line":110,"column":12},"end":{"line":110,"column":24}},"58":{"start":{"line":112,"column":8},"end":{"line":112,"column":39}},"59":{"start":{"line":113,"column":8},"end":{"line":113,"column":39}},"60":{"start":{"line":114,"column":8},"end":{"line":114,"column":21}},"61":{"start":{"line":115,"column":8},"end":{"line":115,"column":48}},"62":{"start":{"line":118,"column":8},"end":{"line":118,"column":28}},"63":{"start":{"line":123,"column":4},"end":{"line":146,"column":5}},"64":{"start":{"line":124,"column":21},"end":{"line":124,"column":66}},"65":{"start":{"line":125,"column":20},"end":{"line":125,"column":64}},"66":{"start":{"line":126,"column":16},"end":{"line":126,"column":66}},"67":{"start":{"line":129,"column":23},"end":{"line":129,"column":24}},"68":{"start":{"line":131,"column":8},"end":{"line":131,"column":39}},"69":{"start":{"line":132,"column":8},"end":{"line":132,"column":38}},"70":{"start":{"line":133,"column":8},"end":{"line":139,"column":9}},"71":{"start":{"line":134,"column":12},"end":{"line":134,"column":36}},"72":{"start":{"line":137,"column":12},"end":{"line":137,"column":62}},"73":{"start":{"line":137,"column":43},"end":{"line":137,"column":59}},"74":{"start":{"line":138,"column":12},"end":{"line":138,"column":65}},"75":{"start":{"line":140,"column":8},"end":{"line":140,"column":20}},"76":{"start":{"line":141,"column":8},"end":{"line":141,"column":23}},"77":{"start":{"line":142,"column":8},"end":{"line":142,"column":77}},"78":{"start":{"line":145,"column":8},"end":{"line":145,"column":28}},"79":{"start":{"line":150,"column":4},"end":{"line":165,"column":5}},"80":{"start":{"line":151,"column":21},"end":{"line":151,"column":58}},"81":{"start":{"line":152,"column":19},"end":{"line":152,"column":69}},"82":{"start":{"line":154,"column":8},"end":{"line":156,"column":9}},"83":{"start":{"line":155,"column":12},"end":{"line":155,"column":72}},"84":{"start":{"line":158,"column":8},"end":{"line":158,"column":42}},"85":{"start":{"line":159,"column":8},"end":{"line":159,"column":25}},"86":{"start":{"line":161,"column":8},"end":{"line":161,"column":31}},"87":{"start":{"line":164,"column":8},"end":{"line":164,"column":28}},"88":{"start":{"line":167,"column":0},"end":{"line":173,"column":1}}},"fnMap":{"0":{"name":"create","decl":{"start":{"line":6,"column":15},"end":{"line":6,"column":21}},"loc":{"start":{"line":6,"column":32},"end":{"line":38,"column":1}},"line":6},"1":{"name":"(anonymous_1)","decl":{"start":{"line":40,"column":13},"end":{"line":40,"column":14}},"loc":{"start":{"line":40,"column":27},"end":{"line":94,"column":1}},"line":40},"2":{"name":"(anonymous_2)","decl":{"start":{"line":53,"column":22},"end":{"line":53,"column":23}},"loc":{"start":{"line":53,"column":30},"end":{"line":55,"column":17}},"line":53},"3":{"name":"(anonymous_3)","decl":{"start":{"line":60,"column":22},"end":{"line":60,"column":23}},"loc":{"start":{"line":60,"column":30},"end":{"line":62,"column":17}},"line":60},"4":{"name":"(anonymous_4)","decl":{"start":{"line":70,"column":22},"end":{"line":70,"column":23}},"loc":{"start":{"line":70,"column":30},"end":{"line":72,"column":17}},"line":70},"5":{"name":"(anonymous_5)","decl":{"start":{"line":81,"column":18},"end":{"line":81,"column":19}},"loc":{"start":{"line":81,"column":26},"end":{"line":83,"column":13}},"line":81},"6":{"name":"(anonymous_6)","decl":{"start":{"line":90,"column":18},"end":{"line":90,"column":19}},"loc":{"start":{"line":90,"column":26},"end":{"line":92,"column":13}},"line":90},"7":{"name":"update","decl":{"start":{"line":96,"column":15},"end":{"line":96,"column":21}},"loc":{"start":{"line":96,"column":32},"end":{"line":120,"column":1}},"line":96},"8":{"name":"(anonymous_8)","decl":{"start":{"line":107,"column":33},"end":{"line":107,"column":34}},"loc":{"start":{"line":107,"column":41},"end":{"line":107,"column":61}},"line":107},"9":{"name":"away","decl":{"start":{"line":122,"column":15},"end":{"line":122,"column":19}},"loc":{"start":{"line":122,"column":30},"end":{"line":147,"column":1}},"line":122},"10":{"name":"(anonymous_10)","decl":{"start":{"line":137,"column":33},"end":{"line":137,"column":34}},"loc":{"start":{"line":137,"column":41},"end":{"line":137,"column":61}},"line":137},"11":{"name":"share","decl":{"start":{"line":149,"column":15},"end":{"line":149,"column":20}},"loc":{"start":{"line":149,"column":31},"end":{"line":166,"column":1}},"line":149}},"branchMap":{"0":{"loc":{"start":{"line":15,"column":8},"end":{"line":17,"column":9}},"type":"if","locations":[{"start":{"line":15,"column":8},"end":{"line":17,"column":9}},{"start":{"line":15,"column":8},"end":{"line":17,"column":9}}],"line":15},"1":{"loc":{"start":{"line":18,"column":8},"end":{"line":20,"column":9}},"type":"if","locations":[{"start":{"line":18,"column":8},"end":{"line":20,"column":9}},{"start":{"line":18,"column":8},"end":{"line":20,"column":9}}],"line":18},"2":{"loc":{"start":{"line":27,"column":12},"end":{"line":29,"column":13}},"type":"if","locations":[{"start":{"line":27,"column":12},"end":{"line":29,"column":13}},{"start":{"line":27,"column":12},"end":{"line":29,"column":13}}],"line":27},"3":{"loc":{"start":{"line":41,"column":24},"end":{"line":41,"column":43}},"type":"binary-expr","locations":[{"start":{"line":41,"column":24},"end":{"line":41,"column":38}},{"start":{"line":41,"column":42},"end":{"line":41,"column":43}}],"line":41},"4":{"loc":{"start":{"line":42,"column":25},"end":{"line":42,"column":46}},"type":"binary-expr","locations":[{"start":{"line":42,"column":25},"end":{"line":42,"column":40}},{"start":{"line":42,"column":44},"end":{"line":42,"column":46}}],"line":42},"5":{"loc":{"start":{"line":46,"column":4},"end":{"line":93,"column":5}},"type":"if","locations":[{"start":{"line":46,"column":4},"end":{"line":93,"column":5}},{"start":{"line":46,"column":4},"end":{"line":93,"column":5}}],"line":46},"6":{"loc":{"start":{"line":46,"column":8},"end":{"line":46,"column":25}},"type":"binary-expr","locations":[{"start":{"line":46,"column":8},"end":{"line":46,"column":16}},{"start":{"line":46,"column":20},"end":{"line":46,"column":25}}],"line":46},"7":{"loc":{"start":{"line":47,"column":8},"end":{"line":73,"column":9}},"type":"if","locations":[{"start":{"line":47,"column":8},"end":{"line":73,"column":9}},{"start":{"line":47,"column":8},"end":{"line":73,"column":9}}],"line":47},"8":{"loc":{"start":{"line":57,"column":13},"end":{"line":73,"column":9}},"type":"if","locations":[{"start":{"line":57,"column":13},"end":{"line":73,"column":9}},{"start":{"line":57,"column":13},"end":{"line":73,"column":9}}],"line":57},"9":{"loc":{"start":{"line":75,"column":9},"end":{"line":93,"column":5}},"type":"if","locations":[{"start":{"line":75,"column":9},"end":{"line":93,"column":5}},{"start":{"line":75,"column":9},"end":{"line":93,"column":5}}],"line":75},"10":{"loc":{"start":{"line":100,"column":8},"end":{"line":102,"column":9}},"type":"if","locations":[{"start":{"line":100,"column":8},"end":{"line":102,"column":9}},{"start":{"line":100,"column":8},"end":{"line":102,"column":9}}],"line":100},"11":{"loc":{"start":{"line":100,"column":12},"end":{"line":100,"column":65}},"type":"binary-expr","locations":[{"start":{"line":100,"column":12},"end":{"line":100,"column":26}},{"start":{"line":100,"column":30},"end":{"line":100,"column":44}},{"start":{"line":100,"column":48},"end":{"line":100,"column":65}}],"line":100},"12":{"loc":{"start":{"line":103,"column":8},"end":{"line":111,"column":9}},"type":"if","locations":[{"start":{"line":103,"column":8},"end":{"line":111,"column":9}},{"start":{"line":103,"column":8},"end":{"line":111,"column":9}}],"line":103},"13":{"loc":{"start":{"line":133,"column":8},"end":{"line":139,"column":9}},"type":"if","locations":[{"start":{"line":133,"column":8},"end":{"line":139,"column":9}},{"start":{"line":133,"column":8},"end":{"line":139,"column":9}}],"line":133},"14":{"loc":{"start":{"line":154,"column":8},"end":{"line":156,"column":9}},"type":"if","locations":[{"start":{"line":154,"column":8},"end":{"line":156,"column":9}},{"start":{"line":154,"column":8},"end":{"line":156,"column":9}}],"line":154}},"s":{"0":4,"1":4,"2":4,"3":4,"4":2,"5":2,"6":1,"7":1,"8":0,"9":1,"10":0,"11":1,"12":1,"13":1,"14":1,"15":1,"16":1,"17":1,"18":1,"19":1,"20":1,"21":1,"22":1,"23":1,"24":4,"25":5,"26":5,"27":5,"28":5,"29":5,"30":5,"31":3,"32":1,"33":1,"34":2,"35":1,"36":1,"37":1,"38":1,"39":2,"40":0,"41":0,"42":2,"43":2,"44":2,"45":2,"46":1,"47":1,"48":0,"49":1,"50":1,"51":1,"52":1,"53":1,"54":1,"55":1,"56":1,"57":1,"58":1,"59":1,"60":1,"61":1,"62":1,"63":2,"64":2,"65":1,"66":1,"67":1,"68":1,"69":1,"70":1,"71":1,"72":0,"73":0,"74":0,"75":1,"76":1,"77":1,"78":1,"79":1,"80":1,"81":1,"82":1,"83":0,"84":1,"85":0,"86":0,"87":1,"88":4},"f":{"0":2,"1":5,"2":1,"3":1,"4":1,"5":0,"6":2,"7":2,"8":1,"9":2,"10":0,"11":1},"b":{"0":[0,1],"1":[0,1],"2":[1,0],"3":[5,4],"4":[5,5],"5":[3,2],"6":[5,3],"7":[1,2],"8":[1,1],"9":[0,2],"10":[0,1],"11":[1,1,1],"12":[1,0],"13":[1,0],"14":[0,1]},"_coverageSchema":"1a1c01bbd47fc00a2c39e90264f33305004495a9","hash":"c2472925e965c45657c804254ac705138c61601b"}
,"/home/choirul/Documents/Session-mini/movie-review/controllers/userController.js": {"path":"/home/choirul/Documents/Session-mini/movie-review/controllers/userController.js","statementMap":{"0":{"start":{"line":1,"column":15},"end":{"line":1,"column":32}},"1":{"start":{"line":2,"column":13},"end":{"line":2,"column":41}},"2":{"start":{"line":3,"column":12},"end":{"line":3,"column":35}},"3":{"start":{"line":4,"column":27},"end":{"line":4,"column":60}},"4":{"start":{"line":5,"column":17},"end":{"line":5,"column":36}},"5":{"start":{"line":6,"column":17},"end":{"line":10,"column":2}},"6":{"start":{"line":14,"column":18},"end":{"line":20,"column":6}},"7":{"start":{"line":22,"column":4},"end":{"line":36,"column":11}},"8":{"start":{"line":25,"column":24},"end":{"line":25,"column":104}},"9":{"start":{"line":26,"column":12},"end":{"line":32,"column":20}},"10":{"start":{"line":35,"column":12},"end":{"line":35,"column":33}},"11":{"start":{"line":41,"column":4},"end":{"line":52,"column":11}},"12":{"start":{"line":43,"column":12},"end":{"line":48,"column":13}},"13":{"start":{"line":44,"column":28},"end":{"line":44,"column":102}},"14":{"start":{"line":45,"column":16},"end":{"line":45,"column":41}},"15":{"start":{"line":47,"column":16},"end":{"line":47,"column":53}},"16":{"start":{"line":51,"column":12},"end":{"line":51,"column":62}},"17":{"start":{"line":56,"column":20},"end":{"line":74,"column":1}},"18":{"start":{"line":57,"column":4},"end":{"line":73,"column":11}},"19":{"start":{"line":63,"column":12},"end":{"line":66,"column":41}},"20":{"start":{"line":69,"column":12},"end":{"line":69,"column":36}},"21":{"start":{"line":72,"column":12},"end":{"line":72,"column":33}},"22":{"start":{"line":77,"column":4},"end":{"line":86,"column":5}},"23":{"start":{"line":78,"column":19},"end":{"line":78,"column":77}},"24":{"start":{"line":79,"column":8},"end":{"line":85,"column":15}},"25":{"start":{"line":81,"column":16},"end":{"line":81,"column":68}},"26":{"start":{"line":84,"column":16},"end":{"line":84,"column":37}},"27":{"start":{"line":86,"column":6},"end":{"line":96,"column":5}},"28":{"start":{"line":87,"column":8},"end":{"line":87,"column":63}},"29":{"start":{"line":89,"column":8},"end":{"line":95,"column":15}},"30":{"start":{"line":91,"column":16},"end":{"line":91,"column":44}},"31":{"start":{"line":94,"column":16},"end":{"line":94,"column":37}},"32":{"start":{"line":100,"column":4},"end":{"line":106,"column":46}},"33":{"start":{"line":106,"column":22},"end":{"line":106,"column":45}},"34":{"start":{"line":109,"column":0},"end":{"line":115,"column":2}}},"fnMap":{"0":{"name":"register","decl":{"start":{"line":13,"column":9},"end":{"line":13,"column":17}},"loc":{"start":{"line":13,"column":28},"end":{"line":37,"column":1}},"line":13},"1":{"name":"(anonymous_1)","decl":{"start":{"line":24,"column":14},"end":{"line":24,"column":15}},"loc":{"start":{"line":24,"column":20},"end":{"line":33,"column":9}},"line":24},"2":{"name":"(anonymous_2)","decl":{"start":{"line":34,"column":15},"end":{"line":34,"column":16}},"loc":{"start":{"line":34,"column":22},"end":{"line":36,"column":9}},"line":34},"3":{"name":"login","decl":{"start":{"line":40,"column":9},"end":{"line":40,"column":14}},"loc":{"start":{"line":40,"column":25},"end":{"line":53,"column":1}},"line":40},"4":{"name":"(anonymous_4)","decl":{"start":{"line":42,"column":14},"end":{"line":42,"column":15}},"loc":{"start":{"line":42,"column":22},"end":{"line":49,"column":9}},"line":42},"5":{"name":"(anonymous_5)","decl":{"start":{"line":50,"column":15},"end":{"line":50,"column":16}},"loc":{"start":{"line":50,"column":21},"end":{"line":52,"column":9}},"line":50},"6":{"name":"(anonymous_6)","decl":{"start":{"line":56,"column":20},"end":{"line":56,"column":21}},"loc":{"start":{"line":56,"column":34},"end":{"line":74,"column":1}},"line":56},"7":{"name":"(anonymous_7)","decl":{"start":{"line":62,"column":14},"end":{"line":62,"column":15}},"loc":{"start":{"line":62,"column":22},"end":{"line":67,"column":9}},"line":62},"8":{"name":"(anonymous_8)","decl":{"start":{"line":68,"column":14},"end":{"line":68,"column":15}},"loc":{"start":{"line":68,"column":22},"end":{"line":70,"column":9}},"line":68},"9":{"name":"(anonymous_9)","decl":{"start":{"line":71,"column":15},"end":{"line":71,"column":16}},"loc":{"start":{"line":71,"column":22},"end":{"line":73,"column":9}},"line":71},"10":{"name":"update","decl":{"start":{"line":76,"column":9},"end":{"line":76,"column":15}},"loc":{"start":{"line":76,"column":26},"end":{"line":97,"column":1}},"line":76},"11":{"name":"(anonymous_11)","decl":{"start":{"line":80,"column":18},"end":{"line":80,"column":19}},"loc":{"start":{"line":80,"column":24},"end":{"line":82,"column":13}},"line":80},"12":{"name":"(anonymous_12)","decl":{"start":{"line":83,"column":19},"end":{"line":83,"column":20}},"loc":{"start":{"line":83,"column":26},"end":{"line":85,"column":13}},"line":83},"13":{"name":"(anonymous_13)","decl":{"start":{"line":90,"column":18},"end":{"line":90,"column":19}},"loc":{"start":{"line":90,"column":24},"end":{"line":92,"column":13}},"line":90},"14":{"name":"(anonymous_14)","decl":{"start":{"line":93,"column":19},"end":{"line":93,"column":20}},"loc":{"start":{"line":93,"column":26},"end":{"line":95,"column":13}},"line":93},"15":{"name":"current","decl":{"start":{"line":99,"column":9},"end":{"line":99,"column":16}},"loc":{"start":{"line":99,"column":27},"end":{"line":107,"column":1}},"line":99},"16":{"name":"(anonymous_16)","decl":{"start":{"line":106,"column":14},"end":{"line":106,"column":15}},"loc":{"start":{"line":106,"column":22},"end":{"line":106,"column":45}},"line":106}},"branchMap":{"0":{"loc":{"start":{"line":43,"column":12},"end":{"line":48,"column":13}},"type":"if","locations":[{"start":{"line":43,"column":12},"end":{"line":48,"column":13}},{"start":{"line":43,"column":12},"end":{"line":48,"column":13}}],"line":43},"1":{"loc":{"start":{"line":77,"column":4},"end":{"line":86,"column":5}},"type":"if","locations":[{"start":{"line":77,"column":4},"end":{"line":86,"column":5}},{"start":{"line":77,"column":4},"end":{"line":86,"column":5}}],"line":77},"2":{"loc":{"start":{"line":86,"column":6},"end":{"line":96,"column":5}},"type":"if","locations":[{"start":{"line":86,"column":6},"end":{"line":96,"column":5}},{"start":{"line":86,"column":6},"end":{"line":96,"column":5}}],"line":86},"3":{"loc":{"start":{"line":86,"column":10},"end":{"line":86,"column":44}},"type":"binary-expr","locations":[{"start":{"line":86,"column":10},"end":{"line":86,"column":26}},{"start":{"line":86,"column":30},"end":{"line":86,"column":44}}],"line":86}},"s":{"0":4,"1":4,"2":4,"3":4,"4":4,"5":4,"6":3,"7":3,"8":1,"9":1,"10":2,"11":3,"12":3,"13":1,"14":1,"15":1,"16":1,"17":4,"18":1,"19":1,"20":1,"21":0,"22":2,"23":0,"24":0,"25":0,"26":0,"27":2,"28":1,"29":1,"30":1,"31":0,"32":1,"33":1,"34":4},"f":{"0":3,"1":1,"2":2,"3":3,"4":3,"5":1,"6":1,"7":1,"8":1,"9":0,"10":2,"11":0,"12":0,"13":1,"14":0,"15":1,"16":1},"b":{"0":[1,1],"1":[0,2],"2":[1,1],"3":[2,1]},"_coverageSchema":"1a1c01bbd47fc00a2c39e90264f33305004495a9","hash":"1a1e83567e4895a3222905ebe76c7505242c1581"}
,"/home/choirul/Documents/Session-mini/movie-review/helpers/error.js": {"path":"/home/choirul/Documents/Session-mini/movie-review/helpers/error.js","statementMap":{"0":{"start":{"line":1,"column":0},"end":{"line":6,"column":1}},"1":{"start":{"line":2,"column":4},"end":{"line":5,"column":6}},"2":{"start":{"line":8,"column":0},"end":{"line":13,"column":1}},"3":{"start":{"line":9,"column":4},"end":{"line":12,"column":6}}},"fnMap":{"0":{"name":"(anonymous_0)","decl":{"start":{"line":1,"column":19},"end":{"line":1,"column":20}},"loc":{"start":{"line":1,"column":33},"end":{"line":6,"column":1}},"line":1},"1":{"name":"(anonymous_1)","decl":{"start":{"line":8,"column":30},"end":{"line":8,"column":31}},"loc":{"start":{"line":8,"column":44},"end":{"line":13,"column":1}},"line":8}},"branchMap":{},"s":{"0":4,"1":1,"2":4,"3":0},"f":{"0":1,"1":0},"b":{},"_coverageSchema":"1a1c01bbd47fc00a2c39e90264f33305004495a9","hash":"af9124c1488cacb626c26f69a6e8c8eaa3e692bb"}
,"/home/choirul/Documents/Session-mini/movie-review/helpers/response.js": {"path":"/home/choirul/Documents/Session-mini/movie-review/helpers/response.js","statementMap":{"0":{"start":{"line":2,"column":4},"end":{"line":5,"column":6}},"1":{"start":{"line":9,"column":4},"end":{"line":12,"column":6}},"2":{"start":{"line":14,"column":0},"end":{"line":17,"column":2}}},"fnMap":{"0":{"name":"success","decl":{"start":{"line":1,"column":9},"end":{"line":1,"column":16}},"loc":{"start":{"line":1,"column":40},"end":{"line":6,"column":1}},"line":1},"1":{"name":"error","decl":{"start":{"line":8,"column":9},"end":{"line":8,"column":14}},"loc":{"start":{"line":8,"column":37},"end":{"line":13,"column":1}},"line":8}},"branchMap":{},"s":{"0":24,"1":13,"2":4},"f":{"0":24,"1":13},"b":{},"_coverageSchema":"1a1c01bbd47fc00a2c39e90264f33305004495a9","hash":"27c1d36f09f5126644a168359b1e20a41edea334"}
,"/home/choirul/Documents/Session-mini/movie-review/middlewares/auth.js": {"path":"/home/choirul/Documents/Session-mini/movie-review/middlewares/auth.js","statementMap":{"0":{"start":{"line":1,"column":12},"end":{"line":1,"column":35}},"1":{"start":{"line":4,"column":16},"end":{"line":4,"column":41}},"2":{"start":{"line":5,"column":4},"end":{"line":15,"column":5}},"3":{"start":{"line":6,"column":22},"end":{"line":6,"column":63}},"4":{"start":{"line":7,"column":8},"end":{"line":7,"column":44}},"5":{"start":{"line":8,"column":8},"end":{"line":8,"column":14}},"6":{"start":{"line":11,"column":8},"end":{"line":14,"column":10}},"7":{"start":{"line":18,"column":0},"end":{"line":18,"column":30}}},"fnMap":{"0":{"name":"authenticate","decl":{"start":{"line":3,"column":9},"end":{"line":3,"column":21}},"loc":{"start":{"line":3,"column":38},"end":{"line":16,"column":1}},"line":3}},"branchMap":{},"s":{"0":4,"1":21,"2":21,"3":21,"4":20,"5":20,"6":1,"7":4},"f":{"0":21},"b":{},"_coverageSchema":"1a1c01bbd47fc00a2c39e90264f33305004495a9","hash":"29e4bcb5714cb69fc3ea35a9ddedd8544c8de280"}
,"/home/choirul/Documents/Session-mini/movie-review/middlewares/multer.js": {"path":"/home/choirul/Documents/Session-mini/movie-review/middlewares/multer.js","statementMap":{"0":{"start":{"line":1,"column":15},"end":{"line":1,"column":32}},"1":{"start":{"line":3,"column":17},"end":{"line":3,"column":41}},"2":{"start":{"line":4,"column":0},"end":{"line":4,"column":25}}},"fnMap":{},"branchMap":{},"s":{"0":4,"1":4,"2":4},"f":{},"b":{},"_coverageSchema":"1a1c01bbd47fc00a2c39e90264f33305004495a9","hash":"5d14b104e833a48c548dd5e67264f6b58dd0cde2"}
,"/home/choirul/Documents/Session-mini/movie-review/models/movie.js": {"path":"/home/choirul/Documents/Session-mini/movie-review/models/movie.js","statementMap":{"0":{"start":{"line":1,"column":17},"end":{"line":1,"column":36}},"1":{"start":{"line":2,"column":25},"end":{"line":2,"column":56}},"2":{"start":{"line":3,"column":15},"end":{"line":3,"column":30}},"3":{"start":{"line":5,"column":20},"end":{"line":45,"column":2}},"4":{"start":{"line":47,"column":0},"end":{"line":47,"column":36}},"5":{"start":{"line":48,"column":14},"end":{"line":48,"column":50}},"6":{"start":{"line":50,"column":0},"end":{"line":50,"column":22}}},"fnMap":{},"branchMap":{},"s":{"0":4,"1":4,"2":4,"3":4,"4":4,"5":4,"6":4},"f":{},"b":{},"_coverageSchema":"1a1c01bbd47fc00a2c39e90264f33305004495a9","hash":"42ddc4afd319a4ff8f6a40db1302ecfe68e4aa7f"}
,"/home/choirul/Documents/Session-mini/movie-review/models/review.js": {"path":"/home/choirul/Documents/Session-mini/movie-review/models/review.js","statementMap":{"0":{"start":{"line":1,"column":17},"end":{"line":1,"column":36}},"1":{"start":{"line":2,"column":17},"end":{"line":2,"column":48}},"2":{"start":{"line":3,"column":15},"end":{"line":3,"column":30}},"3":{"start":{"line":5,"column":21},"end":{"line":20,"column":2}},"4":{"start":{"line":22,"column":0},"end":{"line":22,"column":29}},"5":{"start":{"line":23,"column":15},"end":{"line":23,"column":53}},"6":{"start":{"line":24,"column":0},"end":{"line":24,"column":23}}},"fnMap":{},"branchMap":{},"s":{"0":4,"1":4,"2":4,"3":4,"4":4,"5":4,"6":4},"f":{},"b":{},"_coverageSchema":"1a1c01bbd47fc00a2c39e90264f33305004495a9","hash":"d53a87f7f5b2a163d12a2bea76466892231cfa03"}
,"/home/choirul/Documents/Session-mini/movie-review/models/user.js": {"path":"/home/choirul/Documents/Session-mini/movie-review/models/user.js","statementMap":{"0":{"start":{"line":1,"column":17},"end":{"line":1,"column":36}},"1":{"start":{"line":2,"column":15},"end":{"line":2,"column":30}},"2":{"start":{"line":4,"column":20},"end":{"line":7,"column":1}},"3":{"start":{"line":5,"column":13},"end":{"line":5,"column":58}},"4":{"start":{"line":6,"column":4},"end":{"line":6,"column":25}},"5":{"start":{"line":9,"column":19},"end":{"line":44,"column":2}},"6":{"start":{"line":46,"column":13},"end":{"line":46,"column":47}},"7":{"start":{"line":47,"column":0},"end":{"line":47,"column":21}}},"fnMap":{"0":{"name":"(anonymous_0)","decl":{"start":{"line":4,"column":20},"end":{"line":4,"column":21}},"loc":{"start":{"line":4,"column":36},"end":{"line":7,"column":1}},"line":4}},"branchMap":{},"s":{"0":4,"1":4,"2":4,"3":4,"4":4,"5":4,"6":4,"7":4},"f":{"0":4},"b":{},"_coverageSchema":"1a1c01bbd47fc00a2c39e90264f33305004495a9","hash":"1e0243242aa961d0706ab2c177046982e03b10e2"}
}
