TN:
SF:index.js
FN:32,(anonymous_0)
FN:33,(anonymous_1)
FNF:2
FNH:1
FNDA:4,(anonymous_0)
FNDA:0,(anonymous_1)
DA:1,4
DA:2,4
DA:3,4
DA:4,4
DA:5,4
DA:6,4
DA:8,4
DA:9,4
DA:10,4
DA:11,4
DA:12,4
DA:14,4
DA:15,4
DA:22,4
DA:23,4
DA:26,4
DA:32,4
DA:33,0
DA:35,4
DA:36,4
DA:37,4
DA:38,4
DA:39,4
DA:40,4
DA:42,4
DA:43,4
DA:45,4
LF:27
LH:26
BRF:0
BRH:0
end_of_record
TN:
SF:router.js
FNF:0
FNH:0
DA:1,4
DA:2,4
DA:3,4
DA:4,4
DA:5,4
DA:6,4
DA:7,4
DA:9,4
DA:10,4
DA:11,4
DA:12,4
DA:13,4
DA:15,4
DA:16,4
DA:17,4
DA:18,4
DA:19,4
DA:20,4
DA:21,4
DA:24,4
DA:25,4
DA:26,4
DA:27,4
DA:28,4
DA:29,4
LF:25
LH:25
BRF:0
BRH:0
end_of_record
TN:
SF:__test__/fixtures/userFixture.js
FN:3,create
FNF:1
FNH:1
FNDA:3,create
DA:1,3
DA:4,3
DA:13,3
LF:3
LH:3
BRF:0
BRH:0
end_of_record
TN:
SF:controllers/movieController.js
FN:11,(anonymous_0)
FN:25,(anonymous_1)
FN:28,(anonymous_2)
FN:34,(anonymous_3)
FN:38,(anonymous_4)
FN:41,(anonymous_5)
FN:46,(anonymous_6)
FN:55,(anonymous_7)
FN:62,(anonymous_8)
FN:68,(anonymous_9)
FN:75,(anonymous_10)
FN:81,(anonymous_11)
FN:87,(anonymous_12)
FN:93,(anonymous_13)
FN:96,(anonymous_14)
FN:101,(anonymous_15)
FN:104,(anonymous_16)
FN:107,(anonymous_17)
FN:113,(anonymous_18)
FN:116,(anonymous_19)
FN:119,(anonymous_20)
FN:125,favorite
FNF:22
FNH:14
FNDA:3,(anonymous_0)
FNDA:2,(anonymous_1)
FNDA:1,(anonymous_2)
FNDA:2,(anonymous_3)
FNDA:1,(anonymous_4)
FNDA:1,(anonymous_5)
FNDA:4,(anonymous_6)
FNDA:2,(anonymous_7)
FNDA:1,(anonymous_8)
FNDA:0,(anonymous_9)
FNDA:1,(anonymous_10)
FNDA:0,(anonymous_11)
FNDA:0,(anonymous_12)
FNDA:0,(anonymous_13)
FNDA:0,(anonymous_14)
FNDA:2,(anonymous_15)
FNDA:1,(anonymous_16)
FNDA:1,(anonymous_17)
FNDA:0,(anonymous_18)
FNDA:0,(anonymous_19)
FNDA:0,(anonymous_20)
FNDA:1,favorite
DA:1,4
DA:2,4
DA:3,4
DA:4,4
DA:5,4
DA:11,4
DA:12,3
DA:22,3
DA:23,3
DA:26,2
DA:29,1
DA:31,0
DA:34,4
DA:35,2
DA:36,2
DA:37,2
DA:39,1
DA:42,1
DA:46,4
DA:47,4
DA:48,4
DA:49,4
DA:50,4
DA:51,4
DA:52,3
DA:53,2
DA:56,2
DA:59,1
DA:60,1
DA:63,1
DA:67,0
DA:69,0
DA:74,1
DA:76,1
DA:81,4
DA:82,0
DA:88,0
DA:94,0
DA:97,0
DA:101,4
DA:102,2
DA:103,2
DA:105,1
DA:108,1
DA:113,4
DA:114,0
DA:115,0
DA:117,0
DA:120,0
DA:126,1
DA:127,1
DA:128,1
DA:133,1
DA:134,0
DA:137,1
DA:138,0
DA:139,0
DA:141,0
DA:144,1
DA:149,4
LF:60
LH:45
BRDA:22,0,0,3
BRDA:22,0,1,0
BRDA:35,1,0,2
BRDA:35,1,1,2
BRDA:36,2,0,2
BRDA:36,2,1,2
BRDA:47,3,0,4
BRDA:47,3,1,4
BRDA:48,4,0,4
BRDA:48,4,1,4
BRDA:51,5,0,3
BRDA:51,5,1,1
BRDA:51,6,0,4
BRDA:51,6,1,3
BRDA:52,7,0,2
BRDA:52,7,1,1
BRDA:59,8,0,1
BRDA:59,8,1,0
BRDA:102,9,0,2
BRDA:102,9,1,0
BRDA:114,10,0,0
BRDA:114,10,1,0
BRDA:133,11,0,0
BRDA:133,11,1,1
BRDA:138,12,0,0
BRDA:138,12,1,0
BRF:26
BRH:18
end_of_record
TN:
SF:controllers/reviewController.js
FN:6,create
FN:40,(anonymous_1)
FN:53,(anonymous_2)
FN:60,(anonymous_3)
FN:70,(anonymous_4)
FN:81,(anonymous_5)
FN:90,(anonymous_6)
FN:96,update
FN:107,(anonymous_8)
FN:122,remove
FN:135,(anonymous_10)
FN:147,share
FNF:12
FNH:8
FNDA:2,create
FNDA:5,(anonymous_1)
FNDA:1,(anonymous_2)
FNDA:1,(anonymous_3)
FNDA:1,(anonymous_4)
FNDA:0,(anonymous_5)
FNDA:2,(anonymous_6)
FNDA:2,update
FNDA:1,(anonymous_8)
FNDA:0,remove
FNDA:0,(anonymous_10)
FNDA:0,share
DA:1,4
DA:2,4
DA:3,4
DA:4,4
DA:7,2
DA:8,2
DA:9,1
DA:15,1
DA:16,0
DA:18,1
DA:19,0
DA:21,1
DA:22,1
DA:23,1
DA:24,1
DA:25,1
DA:26,1
DA:27,1
DA:28,1
DA:31,1
DA:32,1
DA:33,1
DA:36,1
DA:40,4
DA:41,5
DA:42,5
DA:43,5
DA:44,5
DA:45,5
DA:46,5
DA:47,3
DA:48,1
DA:54,1
DA:57,2
DA:58,1
DA:61,1
DA:65,1
DA:71,1
DA:75,2
DA:76,0
DA:82,0
DA:86,2
DA:91,2
DA:97,2
DA:98,2
DA:99,1
DA:100,1
DA:101,0
DA:103,1
DA:104,1
DA:105,1
DA:106,1
DA:107,1
DA:108,1
DA:109,1
DA:110,1
DA:112,1
DA:113,1
DA:114,1
DA:115,1
DA:118,1
DA:123,0
DA:124,0
DA:125,0
DA:126,0
DA:127,0
DA:129,0
DA:130,0
DA:131,0
DA:132,0
DA:135,0
DA:136,0
DA:138,0
DA:139,0
DA:140,0
DA:143,0
DA:148,0
DA:149,0
DA:150,0
DA:152,0
DA:153,0
DA:156,0
DA:157,0
DA:159,0
DA:162,0
DA:165,4
LF:86
LH:57
BRDA:15,0,0,0
BRDA:15,0,1,1
BRDA:18,1,0,0
BRDA:18,1,1,1
BRDA:27,2,0,1
BRDA:27,2,1,0
BRDA:41,3,0,5
BRDA:41,3,1,4
BRDA:42,4,0,5
BRDA:42,4,1,5
BRDA:46,5,0,3
BRDA:46,5,1,2
BRDA:46,6,0,5
BRDA:46,6,1,3
BRDA:47,7,0,1
BRDA:47,7,1,2
BRDA:57,8,0,1
BRDA:57,8,1,1
BRDA:75,9,0,0
BRDA:75,9,1,2
BRDA:100,10,0,0
BRDA:100,10,1,1
BRDA:100,11,0,1
BRDA:100,11,1,1
BRDA:100,11,2,1
BRDA:103,12,0,1
BRDA:103,12,1,0
BRDA:131,13,0,0
BRDA:131,13,1,0
BRDA:152,14,0,0
BRDA:152,14,1,0
BRF:31
BRH:21
end_of_record
TN:
SF:controllers/userController.js
FN:13,register
FN:24,(anonymous_1)
FN:34,(anonymous_2)
FN:40,login
FN:42,(anonymous_4)
FN:50,(anonymous_5)
FN:56,(anonymous_6)
FN:62,(anonymous_7)
FN:68,(anonymous_8)
FN:71,(anonymous_9)
FN:76,update
FN:80,(anonymous_11)
FN:83,(anonymous_12)
FN:90,(anonymous_13)
FN:93,(anonymous_14)
FN:99,current
FN:106,(anonymous_16)
FNF:17
FNH:10
FNDA:3,register
FNDA:1,(anonymous_1)
FNDA:2,(anonymous_2)
FNDA:3,login
FNDA:3,(anonymous_4)
FNDA:1,(anonymous_5)
FNDA:0,(anonymous_6)
FNDA:0,(anonymous_7)
FNDA:0,(anonymous_8)
FNDA:0,(anonymous_9)
FNDA:2,update
FNDA:0,(anonymous_11)
FNDA:0,(anonymous_12)
FNDA:1,(anonymous_13)
FNDA:0,(anonymous_14)
FNDA:1,current
FNDA:1,(anonymous_16)
DA:1,4
DA:2,4
DA:3,4
DA:4,4
DA:5,4
DA:6,4
DA:14,3
DA:22,3
DA:25,1
DA:26,1
DA:35,2
DA:41,3
DA:43,3
DA:44,1
DA:45,1
DA:47,1
DA:51,1
DA:56,4
DA:57,0
DA:63,0
DA:69,0
DA:72,0
DA:77,2
DA:78,0
DA:79,0
DA:81,0
DA:84,0
DA:86,2
DA:87,1
DA:89,1
DA:91,1
DA:94,0
DA:100,1
DA:106,1
DA:109,4
LF:35
LH:26
BRDA:43,0,0,1
BRDA:43,0,1,1
BRDA:77,1,0,0
BRDA:77,1,1,2
BRDA:86,2,0,1
BRDA:86,2,1,1
BRDA:86,3,0,2
BRDA:86,3,1,1
BRF:8
BRH:7
end_of_record
TN:
SF:helpers/error.js
FN:1,(anonymous_0)
FN:8,(anonymous_1)
FNF:2
FNH:1
FNDA:1,(anonymous_0)
FNDA:0,(anonymous_1)
DA:1,4
DA:2,1
DA:8,4
DA:9,0
LF:4
LH:3
BRF:0
BRH:0
end_of_record
TN:
SF:helpers/response.js
FN:1,success
FN:8,error
FNF:2
FNH:2
FNDA:20,success
FNDA:10,error
DA:2,20
DA:9,10
DA:14,4
LF:3
LH:3
BRF:0
BRH:0
end_of_record
TN:
SF:middlewares/auth.js
FN:3,authenticate
FNF:1
FNH:1
FNDA:14,authenticate
DA:1,4
DA:4,14
DA:5,14
DA:6,14
DA:7,13
DA:8,13
DA:11,1
DA:18,4
LF:8
LH:8
BRF:0
BRH:0
end_of_record
TN:
SF:middlewares/multer.js
FNF:0
FNH:0
DA:1,4
DA:3,4
DA:4,4
LF:3
LH:3
BRF:0
BRH:0
end_of_record
TN:
SF:models/movie.js
FNF:0
FNH:0
DA:1,4
DA:2,4
DA:3,4
DA:5,4
DA:42,4
DA:43,4
DA:45,4
LF:7
LH:7
BRF:0
BRH:0
end_of_record
TN:
SF:models/review.js
FNF:0
FNH:0
DA:1,4
DA:2,4
DA:3,4
DA:5,4
DA:23,4
DA:24,4
DA:25,4
LF:7
LH:7
BRF:0
BRH:0
end_of_record
TN:
SF:models/user.js
FN:4,(anonymous_0)
FNF:1
FNH:1
FNDA:4,(anonymous_0)
DA:1,4
DA:2,4
DA:4,4
DA:5,4
DA:6,4
DA:9,4
DA:46,4
DA:47,4
LF:8
LH:8
BRF:0
BRH:0
end_of_record
